<?xml version="1.0" encoding="UTF-8"?>
<testng-results skipped="0" failed="0" ignored="0" total="1" passed="1">
  <reporter-output>
  </reporter-output>
  <suite name="Default suite" duration-ms="5100" started-at="2022-12-01T15:45:48 IST" finished-at="2022-12-01T15:45:53 IST">
    <groups>
    </groups>
    <test name="Default test" duration-ms="5100" started-at="2022-12-01T15:45:48 IST" finished-at="2022-12-01T15:45:53 IST">
      <class name="Payload.PayLoadUsingMap">
        <test-method status="PASS" signature="setUp()[pri:0, instance:Payload.PayLoadUsingMap@2b2948e2]" name="setUp" is-config="true" duration-ms="1173" started-at="2022-12-01T15:45:48 IST" finished-at="2022-12-01T15:45:50 IST">
          <reporter-output>
          </reporter-output>
        </test-method> <!-- setUp -->
        <test-method status="PASS" signature="createBooking()[pri:0, instance:Payload.PayLoadUsingMap@2b2948e2]" name="createBooking" duration-ms="3879" started-at="2022-12-01T15:45:50 IST" finished-at="2022-12-01T15:45:53 IST">
          <reporter-output>
          </reporter-output>
        </test-method> <!-- createBooking -->
      </class> <!-- Payload.PayLoadUsingMap -->
    </test> <!-- Default test -->
  </suite> <!-- Default suite -->
</testng-results>
