<?xml version="1.0" encoding="UTF-8"?>
<testng-results skipped="0" failed="0" ignored="0" total="1" passed="1">
  <reporter-output>
  </reporter-output>
  <suite name="Default suite" duration-ms="4535" started-at="2022-12-01T17:26:36 IST" finished-at="2022-12-01T17:26:41 IST">
    <groups>
    </groups>
    <test name="Default test" duration-ms="4535" started-at="2022-12-01T17:26:36 IST" finished-at="2022-12-01T17:26:41 IST">
      <class name="Payload.JsonFileAsPayload">
        <test-method status="PASS" signature="sendJson()[pri:0, instance:Payload.JsonFileAsPayload@6536e911]" name="sendJson" duration-ms="4476" started-at="2022-12-01T17:26:36 IST" finished-at="2022-12-01T17:26:41 IST">
          <reporter-output>
          </reporter-output>
        </test-method> <!-- sendJson -->
      </class> <!-- Payload.JsonFileAsPayload -->
    </test> <!-- Default test -->
  </suite> <!-- Default suite -->
</testng-results>
